Device Extension: VK_KHR_8bit_storage (libGLX_nvidia.so.0) version 0.0.1
Device Extension: VK_KHR_16bit_storage (libGLX_nvidia.so.0) version 0.0.1
Device Extension: VK_KHR_bind_memory2 (libGLX_nvidia.so.0) version 0.0.1
Device Extension: VK_KHR_create_renderpass2 (libGLX_nvidia.so.0) version 0.0.1
Device Extension: VK_KHR_dedicated_allocation (libGLX_nvidia.so.0) version 0.0.3
Device Extension: VK_KHR_depth_stencil_resolve (libGLX_nvidia.so.0) version 0.0.1
Device Extension: VK_KHR_descriptor_update_template (libGLX_nvidia.so.0) version 0.0.1
Device Extension: VK_KHR_device_group (libGLX_nvidia.so.0) version 0.0.3
Device Extension: VK_KHR_draw_indirect_count (libGLX_nvidia.so.0) version 0.0.1
Device Extension: VK_KHR_driver_properties (libGLX_nvidia.so.0) version 0.0.1
Device Extension: VK_KHR_external_fence (libGLX_nvidia.so.0) version 0.0.1
Device Extension: VK_KHR_external_fence_fd (libGLX_nvidia.so.0) version 0.0.1
Device Extension: VK_KHR_external_memory (libGLX_nvidia.so.0) version 0.0.1
Device Extension: VK_KHR_external_memory_fd (libGLX_nvidia.so.0) version 0.0.1
Device Extension: VK_KHR_external_semaphore (libGLX_nvidia.so.0) version 0.0.1
Device Extension: VK_KHR_external_semaphore_fd (libGLX_nvidia.so.0) version 0.0.1
Device Extension: VK_KHR_get_memory_requirements2 (libGLX_nvidia.so.0) version 0.0.1
Device Extension: VK_KHR_image_format_list (libGLX_nvidia.so.0) version 0.0.1
Device Extension: VK_KHR_imageless_framebuffer (libGLX_nvidia.so.0) version 0.0.1
Device Extension: VK_KHR_maintenance1 (libGLX_nvidia.so.0) version 0.0.2
Device Extension: VK_KHR_maintenance2 (libGLX_nvidia.so.0) version 0.0.1
Device Extension: VK_KHR_maintenance3 (libGLX_nvidia.so.0) version 0.0.1
Device Extension: VK_KHR_multiview (libGLX_nvidia.so.0) version 0.0.1
Device Extension: VK_KHR_pipeline_executable_properties (libGLX_nvidia.so.0) version 0.0.1
Device Extension: VK_KHR_push_descriptor (libGLX_nvidia.so.0) version 0.0.2
Device Extension: VK_KHR_relaxed_block_layout (libGLX_nvidia.so.0) version 0.0.1
Device Extension: VK_KHR_sampler_mirror_clamp_to_edge (libGLX_nvidia.so.0) version 0.0.1
Device Extension: VK_KHR_sampler_ycbcr_conversion (libGLX_nvidia.so.0) version 0.0.1
Device Extension: VK_KHR_shader_atomic_int64 (libGLX_nvidia.so.0) version 0.0.1
Device Extension: VK_KHR_shader_draw_parameters (libGLX_nvidia.so.0) version 0.0.1
Device Extension: VK_KHR_shader_float16_int8 (libGLX_nvidia.so.0) version 0.0.1
Device Extension: VK_KHR_shader_float_controls (libGLX_nvidia.so.0) version 0.0.4
Device Extension: VK_KHR_storage_buffer_storage_class (libGLX_nvidia.so.0) version 0.0.1
Device Extension: VK_KHR_swapchain (libGLX_nvidia.so.0) version 0.0.70
Device Extension: VK_KHR_swapchain_mutable_format (libGLX_nvidia.so.0) version 0.0.1
Device Extension: VK_KHR_timeline_semaphore (libGLX_nvidia.so.0) version 0.0.2
Device Extension: VK_KHR_uniform_buffer_standard_layout (libGLX_nvidia.so.0) version 0.0.1
Device Extension: VK_KHR_variable_pointers (libGLX_nvidia.so.0) version 0.0.1
Device Extension: VK_KHR_vulkan_memory_model (libGLX_nvidia.so.0) version 0.0.3
Device Extension: VK_EXT_blend_operation_advanced (libGLX_nvidia.so.0) version 0.0.2
Device Extension: VK_EXT_buffer_device_address (libGLX_nvidia.so.0) version 0.0.2
Device Extension: VK_EXT_calibrated_timestamps (libGLX_nvidia.so.0) version 0.0.1
Device Extension: VK_EXT_conditional_rendering (libGLX_nvidia.so.0) version 0.0.1
Device Extension: VK_EXT_conservative_rasterization (libGLX_nvidia.so.0) version 0.0.1
Device Extension: VK_EXT_depth_clip_enable (libGLX_nvidia.so.0) version 0.0.1
Device Extension: VK_EXT_depth_range_unrestricted (libGLX_nvidia.so.0) version 0.0.1
Device Extension: VK_EXT_descriptor_indexing (libGLX_nvidia.so.0) version 0.0.2
Device Extension: VK_EXT_discard_rectangles (libGLX_nvidia.so.0) version 0.0.1
Device Extension: VK_EXT_display_control (libGLX_nvidia.so.0) version 0.0.1
Device Extension: VK_EXT_fragment_shader_interlock (libGLX_nvidia.so.0) version 0.0.1
Device Extension: VK_EXT_global_priority (libGLX_nvidia.so.0) version 0.0.2
Device Extension: VK_EXT_host_query_reset (libGLX_nvidia.so.0) version 0.0.1
Device Extension: VK_EXT_index_type_uint8 (libGLX_nvidia.so.0) version 0.0.1
Device Extension: VK_EXT_inline_uniform_block (libGLX_nvidia.so.0) version 0.0.1
Device Extension: VK_EXT_line_rasterization (libGLX_nvidia.so.0) version 0.0.1
Device Extension: VK_EXT_memory_budget (libGLX_nvidia.so.0) version 0.0.1
Device Extension: VK_EXT_pci_bus_info (libGLX_nvidia.so.0) version 0.0.2
Device Extension: VK_EXT_pipeline_creation_feedback (libGLX_nvidia.so.0) version 0.0.1
Device Extension: VK_EXT_post_depth_coverage (libGLX_nvidia.so.0) version 0.0.1
Device Extension: VK_EXT_sample_locations (libGLX_nvidia.so.0) version 0.0.1
Device Extension: VK_EXT_sampler_filter_minmax (libGLX_nvidia.so.0) version 0.0.1
Device Extension: VK_EXT_scalar_block_layout (libGLX_nvidia.so.0) version 0.0.1
Device Extension: VK_EXT_separate_stencil_usage (libGLX_nvidia.so.0) version 0.0.1
Device Extension: VK_EXT_shader_demote_to_helper_invocation (libGLX_nvidia.so.0) version 0.0.1
Device Extension: VK_EXT_shader_subgroup_ballot (libGLX_nvidia.so.0) version 0.0.1
Device Extension: VK_EXT_shader_subgroup_vote (libGLX_nvidia.so.0) version 0.0.1
Device Extension: VK_EXT_shader_viewport_index_layer (libGLX_nvidia.so.0) version 0.0.1
Device Extension: VK_EXT_subgroup_size_control (libGLX_nvidia.so.0) version 0.0.2
Device Extension: VK_EXT_texel_buffer_alignment (libGLX_nvidia.so.0) version 0.0.1
Device Extension: VK_EXT_transform_feedback (libGLX_nvidia.so.0) version 0.0.1
Device Extension: VK_EXT_vertex_attribute_divisor (libGLX_nvidia.so.0) version 0.0.3
Device Extension: VK_EXT_ycbcr_image_arrays (libGLX_nvidia.so.0) version 0.0.1
Device Extension: VK_NV_clip_space_w_scaling (libGLX_nvidia.so.0) version 0.0.1
Device Extension: VK_NV_dedicated_allocation (libGLX_nvidia.so.0) version 0.0.1
Device Extension: VK_NV_dedicated_allocation_image_aliasing (libGLX_nvidia.so.0) version 0.0.1
Device Extension: VK_NV_device_diagnostic_checkpoints (libGLX_nvidia.so.0) version 0.0.2
Device Extension: VK_NV_fill_rectangle (libGLX_nvidia.so.0) version 0.0.1
Device Extension: VK_NV_fragment_coverage_to_color (libGLX_nvidia.so.0) version 0.0.1
Device Extension: VK_NV_framebuffer_mixed_samples (libGLX_nvidia.so.0) version 0.0.1
Device Extension: VK_NV_coverage_reduction_mode (libGLX_nvidia.so.0) version 0.0.1
Device Extension: VK_NV_geometry_shader_passthrough (libGLX_nvidia.so.0) version 0.0.1
Device Extension: VK_NV_sample_mask_override_coverage (libGLX_nvidia.so.0) version 0.0.1
Device Extension: VK_NV_shader_sm_builtins (libGLX_nvidia.so.0) version 0.0.1
Device Extension: VK_NV_shader_subgroup_partitioned (libGLX_nvidia.so.0) version 0.0.1
Device Extension: VK_NV_viewport_array2 (libGLX_nvidia.so.0) version 0.0.1
Device Extension: VK_NV_viewport_swizzle (libGLX_nvidia.so.0) version 0.0.1
Device Extension: VK_NVX_device_generated_commands (libGLX_nvidia.so.0) version 0.0.3
Device Extension: VK_NVX_multiview_per_view_attributes (libGLX_nvidia.so.0) version 0.0.1
Device Extension: VK_NV_ray_tracing (libGLX_nvidia.so.0) version 0.0.3
Device Extension: VK_KHR_8bit_storage (libGLX_nvidia.so.0) version 0.0.1
Device Extension: VK_KHR_16bit_storage (libGLX_nvidia.so.0) version 0.0.1
Device Extension: VK_KHR_bind_memory2 (libGLX_nvidia.so.0) version 0.0.1
Device Extension: VK_KHR_create_renderpass2 (libGLX_nvidia.so.0) version 0.0.1
Device Extension: VK_KHR_dedicated_allocation (libGLX_nvidia.so.0) version 0.0.3
Device Extension: VK_KHR_depth_stencil_resolve (libGLX_nvidia.so.0) version 0.0.1
Device Extension: VK_KHR_descriptor_update_template (libGLX_nvidia.so.0) version 0.0.1
Device Extension: VK_KHR_device_group (libGLX_nvidia.so.0) version 0.0.3
Device Extension: VK_KHR_draw_indirect_count (libGLX_nvidia.so.0) version 0.0.1
Device Extension: VK_KHR_driver_properties (libGLX_nvidia.so.0) version 0.0.1
Device Extension: VK_KHR_external_fence (libGLX_nvidia.so.0) version 0.0.1
Device Extension: VK_KHR_external_fence_fd (libGLX_nvidia.so.0) version 0.0.1
Device Extension: VK_KHR_external_memory (libGLX_nvidia.so.0) version 0.0.1
Device Extension: VK_KHR_external_memory_fd (libGLX_nvidia.so.0) version 0.0.1
Device Extension: VK_KHR_external_semaphore (libGLX_nvidia.so.0) version 0.0.1
Device Extension: VK_KHR_external_semaphore_fd (libGLX_nvidia.so.0) version 0.0.1
Device Extension: VK_KHR_get_memory_requirements2 (libGLX_nvidia.so.0) version 0.0.1
Device Extension: VK_KHR_image_format_list (libGLX_nvidia.so.0) version 0.0.1
Device Extension: VK_KHR_imageless_framebuffer (libGLX_nvidia.so.0) version 0.0.1
Device Extension: VK_KHR_maintenance1 (libGLX_nvidia.so.0) version 0.0.2
Device Extension: VK_KHR_maintenance2 (libGLX_nvidia.so.0) version 0.0.1
Device Extension: VK_KHR_maintenance3 (libGLX_nvidia.so.0) version 0.0.1
Device Extension: VK_KHR_multiview (libGLX_nvidia.so.0) version 0.0.1
Device Extension: VK_KHR_pipeline_executable_properties (libGLX_nvidia.so.0) version 0.0.1
Device Extension: VK_KHR_push_descriptor (libGLX_nvidia.so.0) version 0.0.2
Device Extension: VK_KHR_relaxed_block_layout (libGLX_nvidia.so.0) version 0.0.1
Device Extension: VK_KHR_sampler_mirror_clamp_to_edge (libGLX_nvidia.so.0) version 0.0.1
Device Extension: VK_KHR_sampler_ycbcr_conversion (libGLX_nvidia.so.0) version 0.0.1
Device Extension: VK_KHR_shader_atomic_int64 (libGLX_nvidia.so.0) version 0.0.1
Device Extension: VK_KHR_shader_draw_parameters (libGLX_nvidia.so.0) version 0.0.1
Device Extension: VK_KHR_shader_float16_int8 (libGLX_nvidia.so.0) version 0.0.1
Device Extension: VK_KHR_shader_float_controls (libGLX_nvidia.so.0) version 0.0.4
Device Extension: VK_KHR_storage_buffer_storage_class (libGLX_nvidia.so.0) version 0.0.1
Device Extension: VK_KHR_swapchain (libGLX_nvidia.so.0) version 0.0.70
Device Extension: VK_KHR_swapchain_mutable_format (libGLX_nvidia.so.0) version 0.0.1
Device Extension: VK_KHR_timeline_semaphore (libGLX_nvidia.so.0) version 0.0.2
Device Extension: VK_KHR_uniform_buffer_standard_layout (libGLX_nvidia.so.0) version 0.0.1
Device Extension: VK_KHR_variable_pointers (libGLX_nvidia.so.0) version 0.0.1
Device Extension: VK_KHR_vulkan_memory_model (libGLX_nvidia.so.0) version 0.0.3
Device Extension: VK_EXT_blend_operation_advanced (libGLX_nvidia.so.0) version 0.0.2
Device Extension: VK_EXT_buffer_device_address (libGLX_nvidia.so.0) version 0.0.2
Device Extension: VK_EXT_calibrated_timestamps (libGLX_nvidia.so.0) version 0.0.1
Device Extension: VK_EXT_conditional_rendering (libGLX_nvidia.so.0) version 0.0.1
Device Extension: VK_EXT_conservative_rasterization (libGLX_nvidia.so.0) version 0.0.1
Device Extension: VK_EXT_depth_clip_enable (libGLX_nvidia.so.0) version 0.0.1
Device Extension: VK_EXT_depth_range_unrestricted (libGLX_nvidia.so.0) version 0.0.1
Device Extension: VK_EXT_descriptor_indexing (libGLX_nvidia.so.0) version 0.0.2
Device Extension: VK_EXT_discard_rectangles (libGLX_nvidia.so.0) version 0.0.1
Device Extension: VK_EXT_display_control (libGLX_nvidia.so.0) version 0.0.1
Device Extension: VK_EXT_fragment_shader_interlock (libGLX_nvidia.so.0) version 0.0.1
Device Extension: VK_EXT_global_priority (libGLX_nvidia.so.0) version 0.0.2
Device Extension: VK_EXT_host_query_reset (libGLX_nvidia.so.0) version 0.0.1
Device Extension: VK_EXT_index_type_uint8 (libGLX_nvidia.so.0) version 0.0.1
Device Extension: VK_EXT_inline_uniform_block (libGLX_nvidia.so.0) version 0.0.1
Device Extension: VK_EXT_line_rasterization (libGLX_nvidia.so.0) version 0.0.1
Device Extension: VK_EXT_memory_budget (libGLX_nvidia.so.0) version 0.0.1
Device Extension: VK_EXT_pci_bus_info (libGLX_nvidia.so.0) version 0.0.2
Device Extension: VK_EXT_pipeline_creation_feedback (libGLX_nvidia.so.0) version 0.0.1
Device Extension: VK_EXT_post_depth_coverage (libGLX_nvidia.so.0) version 0.0.1
Device Extension: VK_EXT_sample_locations (libGLX_nvidia.so.0) version 0.0.1
Device Extension: VK_EXT_sampler_filter_minmax (libGLX_nvidia.so.0) version 0.0.1
Device Extension: VK_EXT_scalar_block_layout (libGLX_nvidia.so.0) version 0.0.1
Device Extension: VK_EXT_separate_stencil_usage (libGLX_nvidia.so.0) version 0.0.1
Device Extension: VK_EXT_shader_demote_to_helper_invocation (libGLX_nvidia.so.0) version 0.0.1
Device Extension: VK_EXT_shader_subgroup_ballot (libGLX_nvidia.so.0) version 0.0.1
Device Extension: VK_EXT_shader_subgroup_vote (libGLX_nvidia.so.0) version 0.0.1
Device Extension: VK_EXT_shader_viewport_index_layer (libGLX_nvidia.so.0) version 0.0.1
Device Extension: VK_EXT_subgroup_size_control (libGLX_nvidia.so.0) version 0.0.2
Device Extension: VK_EXT_texel_buffer_alignment (libGLX_nvidia.so.0) version 0.0.1
Device Extension: VK_EXT_transform_feedback (libGLX_nvidia.so.0) version 0.0.1
Device Extension: VK_EXT_vertex_attribute_divisor (libGLX_nvidia.so.0) version 0.0.3
Device Extension: VK_EXT_ycbcr_image_arrays (libGLX_nvidia.so.0) version 0.0.1
Device Extension: VK_NV_clip_space_w_scaling (libGLX_nvidia.so.0) version 0.0.1
Device Extension: VK_NV_dedicated_allocation (libGLX_nvidia.so.0) version 0.0.1
Device Extension: VK_NV_dedicated_allocation_image_aliasing (libGLX_nvidia.so.0) version 0.0.1
Device Extension: VK_NV_device_diagnostic_checkpoints (libGLX_nvidia.so.0) version 0.0.2
Device Extension: VK_NV_fill_rectangle (libGLX_nvidia.so.0) version 0.0.1
Device Extension: VK_NV_fragment_coverage_to_color (libGLX_nvidia.so.0) version 0.0.1
Device Extension: VK_NV_framebuffer_mixed_samples (libGLX_nvidia.so.0) version 0.0.1
Device Extension: VK_NV_coverage_reduction_mode (libGLX_nvidia.so.0) version 0.0.1
Device Extension: VK_NV_geometry_shader_passthrough (libGLX_nvidia.so.0) version 0.0.1
Device Extension: VK_NV_sample_mask_override_coverage (libGLX_nvidia.so.0) version 0.0.1
Device Extension: VK_NV_shader_sm_builtins (libGLX_nvidia.so.0) version 0.0.1
Device Extension: VK_NV_shader_subgroup_partitioned (libGLX_nvidia.so.0) version 0.0.1
Device Extension: VK_NV_viewport_array2 (libGLX_nvidia.so.0) version 0.0.1
Device Extension: VK_NV_viewport_swizzle (libGLX_nvidia.so.0) version 0.0.1
Device Extension: VK_NVX_device_generated_commands (libGLX_nvidia.so.0) version 0.0.3
Device Extension: VK_NVX_multiview_per_view_attributes (libGLX_nvidia.so.0) version 0.0.1
Device Extension: VK_NV_ray_tracing (libGLX_nvidia.so.0) version 0.0.3
Device Extension: VK_KHR_8bit_storage (Unknown) version 0.0.1
Device Extension: VK_KHR_16bit_storage (Unknown) version 0.0.1
Device Extension: VK_KHR_bind_memory2 (Unknown) version 0.0.1
Device Extension: VK_KHR_create_renderpass2 (Unknown) version 0.0.1
Device Extension: VK_KHR_dedicated_allocation (Unknown) version 0.0.3
Device Extension: VK_KHR_depth_stencil_resolve (Unknown) version 0.0.1
Device Extension: VK_KHR_descriptor_update_template (Unknown) version 0.0.1
Device Extension: VK_KHR_device_group (Unknown) version 0.0.3
Device Extension: VK_KHR_draw_indirect_count (Unknown) version 0.0.1
Device Extension: VK_KHR_driver_properties (Unknown) version 0.0.1
Device Extension: VK_KHR_external_fence (Unknown) version 0.0.1
Device Extension: VK_KHR_external_fence_fd (Unknown) version 0.0.1
Device Extension: VK_KHR_external_memory (Unknown) version 0.0.1
Device Extension: VK_KHR_external_memory_fd (Unknown) version 0.0.1
Device Extension: VK_KHR_external_semaphore (Unknown) version 0.0.1
Device Extension: VK_KHR_external_semaphore_fd (Unknown) version 0.0.1
Device Extension: VK_KHR_get_memory_requirements2 (Unknown) version 0.0.1
Device Extension: VK_KHR_image_format_list (Unknown) version 0.0.1
Device Extension: VK_KHR_imageless_framebuffer (Unknown) version 0.0.1
Device Extension: VK_KHR_maintenance1 (Unknown) version 0.0.2
Device Extension: VK_KHR_maintenance2 (Unknown) version 0.0.1
Device Extension: VK_KHR_maintenance3 (Unknown) version 0.0.1
Device Extension: VK_KHR_multiview (Unknown) version 0.0.1
Device Extension: VK_KHR_pipeline_executable_properties (Unknown) version 0.0.1
Device Extension: VK_KHR_push_descriptor (Unknown) version 0.0.2
Device Extension: VK_KHR_relaxed_block_layout (Unknown) version 0.0.1
Device Extension: VK_KHR_sampler_mirror_clamp_to_edge (Unknown) version 0.0.1
Device Extension: VK_KHR_sampler_ycbcr_conversion (Unknown) version 0.0.1
Device Extension: VK_KHR_shader_atomic_int64 (Unknown) version 0.0.1
Device Extension: VK_KHR_shader_draw_parameters (Unknown) version 0.0.1
Device Extension: VK_KHR_shader_float16_int8 (Unknown) version 0.0.1
Device Extension: VK_KHR_shader_float_controls (Unknown) version 0.0.4
Device Extension: VK_KHR_storage_buffer_storage_class (Unknown) version 0.0.1
Device Extension: VK_KHR_swapchain (Unknown) version 0.0.70
Device Extension: VK_KHR_swapchain_mutable_format (Unknown) version 0.0.1
Device Extension: VK_KHR_timeline_semaphore (Unknown) version 0.0.2
Device Extension: VK_KHR_uniform_buffer_standard_layout (Unknown) version 0.0.1
Device Extension: VK_KHR_variable_pointers (Unknown) version 0.0.1
Device Extension: VK_KHR_vulkan_memory_model (Unknown) version 0.0.3
Device Extension: VK_EXT_blend_operation_advanced (Unknown) version 0.0.2
Device Extension: VK_EXT_buffer_device_address (Unknown) version 0.0.2
Device Extension: VK_EXT_calibrated_timestamps (Unknown) version 0.0.1
Device Extension: VK_EXT_conditional_rendering (Unknown) version 0.0.1
Device Extension: VK_EXT_conservative_rasterization (Unknown) version 0.0.1
Device Extension: VK_EXT_depth_clip_enable (Unknown) version 0.0.1
Device Extension: VK_EXT_depth_range_unrestricted (Unknown) version 0.0.1
Device Extension: VK_EXT_descriptor_indexing (Unknown) version 0.0.2
Device Extension: VK_EXT_discard_rectangles (Unknown) version 0.0.1
Device Extension: VK_EXT_display_control (Unknown) version 0.0.1
Device Extension: VK_EXT_fragment_shader_interlock (Unknown) version 0.0.1
Device Extension: VK_EXT_global_priority (Unknown) version 0.0.2
Device Extension: VK_EXT_host_query_reset (Unknown) version 0.0.1
Device Extension: VK_EXT_index_type_uint8 (Unknown) version 0.0.1
Device Extension: VK_EXT_inline_uniform_block (Unknown) version 0.0.1
Device Extension: VK_EXT_line_rasterization (Unknown) version 0.0.1
Device Extension: VK_EXT_memory_budget (Unknown) version 0.0.1
Device Extension: VK_EXT_pci_bus_info (Unknown) version 0.0.2
Device Extension: VK_EXT_pipeline_creation_feedback (Unknown) version 0.0.1
Device Extension: VK_EXT_post_depth_coverage (Unknown) version 0.0.1
Device Extension: VK_EXT_sample_locations (Unknown) version 0.0.1
Device Extension: VK_EXT_sampler_filter_minmax (Unknown) version 0.0.1
Device Extension: VK_EXT_scalar_block_layout (Unknown) version 0.0.1
Device Extension: VK_EXT_separate_stencil_usage (Unknown) version 0.0.1
Device Extension: VK_EXT_shader_demote_to_helper_invocation (Unknown) version 0.0.1
Device Extension: VK_EXT_shader_subgroup_ballot (Unknown) version 0.0.1
Device Extension: VK_EXT_shader_subgroup_vote (Unknown) version 0.0.1
Device Extension: VK_EXT_shader_viewport_index_layer (Unknown) version 0.0.1
Device Extension: VK_EXT_subgroup_size_control (Unknown) version 0.0.2
Device Extension: VK_EXT_texel_buffer_alignment (Unknown) version 0.0.1
Device Extension: VK_EXT_transform_feedback (Unknown) version 0.0.1
Device Extension: VK_EXT_vertex_attribute_divisor (Unknown) version 0.0.3
Device Extension: VK_EXT_ycbcr_image_arrays (Unknown) version 0.0.1
Device Extension: VK_NV_clip_space_w_scaling (Unknown) version 0.0.1
Device Extension: VK_NV_dedicated_allocation (Unknown) version 0.0.1
Device Extension: VK_NV_dedicated_allocation_image_aliasing (Unknown) version 0.0.1
Device Extension: VK_NV_device_diagnostic_checkpoints (Unknown) version 0.0.2
Device Extension: VK_NV_fill_rectangle (Unknown) version 0.0.1
Device Extension: VK_NV_fragment_coverage_to_color (Unknown) version 0.0.1
Device Extension: VK_NV_framebuffer_mixed_samples (Unknown) version 0.0.1
Device Extension: VK_NV_coverage_reduction_mode (Unknown) version 0.0.1
Device Extension: VK_NV_geometry_shader_passthrough (Unknown) version 0.0.1
Device Extension: VK_NV_sample_mask_override_coverage (Unknown) version 0.0.1
Device Extension: VK_NV_shader_sm_builtins (Unknown) version 0.0.1
Device Extension: VK_NV_shader_subgroup_partitioned (Unknown) version 0.0.1
Device Extension: VK_NV_viewport_array2 (Unknown) version 0.0.1
Device Extension: VK_NV_viewport_swizzle (Unknown) version 0.0.1
Device Extension: VK_NVX_device_generated_commands (Unknown) version 0.0.3
Device Extension: VK_NVX_multiview_per_view_attributes (Unknown) version 0.0.1
Device Extension: VK_NV_ray_tracing (Unknown) version 0.0.3
Loading layer library libVkLayer_monitor.so
Loading layer library libVkLayer_khronos_validation.so
Device Extension: VK_KHR_8bit_storage (libGLX_nvidia.so.0) version 0.0.1
Device Extension: VK_KHR_16bit_storage (libGLX_nvidia.so.0) version 0.0.1
Device Extension: VK_KHR_bind_memory2 (libGLX_nvidia.so.0) version 0.0.1
Device Extension: VK_KHR_create_renderpass2 (libGLX_nvidia.so.0) version 0.0.1
Device Extension: VK_KHR_dedicated_allocation (libGLX_nvidia.so.0) version 0.0.3
Device Extension: VK_KHR_depth_stencil_resolve (libGLX_nvidia.so.0) version 0.0.1
Device Extension: VK_KHR_descriptor_update_template (libGLX_nvidia.so.0) version 0.0.1
Device Extension: VK_KHR_device_group (libGLX_nvidia.so.0) version 0.0.3
Device Extension: VK_KHR_draw_indirect_count (libGLX_nvidia.so.0) version 0.0.1
Device Extension: VK_KHR_driver_properties (libGLX_nvidia.so.0) version 0.0.1
Device Extension: VK_KHR_external_fence (libGLX_nvidia.so.0) version 0.0.1
Device Extension: VK_KHR_external_fence_fd (libGLX_nvidia.so.0) version 0.0.1
Device Extension: VK_KHR_external_memory (libGLX_nvidia.so.0) version 0.0.1
Device Extension: VK_KHR_external_memory_fd (libGLX_nvidia.so.0) version 0.0.1
Device Extension: VK_KHR_external_semaphore (libGLX_nvidia.so.0) version 0.0.1
Device Extension: VK_KHR_external_semaphore_fd (libGLX_nvidia.so.0) version 0.0.1
Device Extension: VK_KHR_get_memory_requirements2 (libGLX_nvidia.so.0) version 0.0.1
Device Extension: VK_KHR_image_format_list (libGLX_nvidia.so.0) version 0.0.1
Device Extension: VK_KHR_imageless_framebuffer (libGLX_nvidia.so.0) version 0.0.1
Device Extension: VK_KHR_maintenance1 (libGLX_nvidia.so.0) version 0.0.2
Device Extension: VK_KHR_maintenance2 (libGLX_nvidia.so.0) version 0.0.1
Device Extension: VK_KHR_maintenance3 (libGLX_nvidia.so.0) version 0.0.1
Device Extension: VK_KHR_multiview (libGLX_nvidia.so.0) version 0.0.1
Device Extension: VK_KHR_pipeline_executable_properties (libGLX_nvidia.so.0) version 0.0.1
Device Extension: VK_KHR_push_descriptor (libGLX_nvidia.so.0) version 0.0.2
Device Extension: VK_KHR_relaxed_block_layout (libGLX_nvidia.so.0) version 0.0.1
Device Extension: VK_KHR_sampler_mirror_clamp_to_edge (libGLX_nvidia.so.0) version 0.0.1
Device Extension: VK_KHR_sampler_ycbcr_conversion (libGLX_nvidia.so.0) version 0.0.1
Device Extension: VK_KHR_shader_atomic_int64 (libGLX_nvidia.so.0) version 0.0.1
Device Extension: VK_KHR_shader_draw_parameters (libGLX_nvidia.so.0) version 0.0.1
Device Extension: VK_KHR_shader_float16_int8 (libGLX_nvidia.so.0) version 0.0.1
Device Extension: VK_KHR_shader_float_controls (libGLX_nvidia.so.0) version 0.0.4
Device Extension: VK_KHR_storage_buffer_storage_class (libGLX_nvidia.so.0) version 0.0.1
Device Extension: VK_KHR_swapchain (libGLX_nvidia.so.0) version 0.0.70
Device Extension: VK_KHR_swapchain_mutable_format (libGLX_nvidia.so.0) version 0.0.1
Device Extension: VK_KHR_timeline_semaphore (libGLX_nvidia.so.0) version 0.0.2
Device Extension: VK_KHR_uniform_buffer_standard_layout (libGLX_nvidia.so.0) version 0.0.1
Device Extension: VK_KHR_variable_pointers (libGLX_nvidia.so.0) version 0.0.1
Device Extension: VK_KHR_vulkan_memory_model (libGLX_nvidia.so.0) version 0.0.3
Device Extension: VK_EXT_blend_operation_advanced (libGLX_nvidia.so.0) version 0.0.2
Device Extension: VK_EXT_buffer_device_address (libGLX_nvidia.so.0) version 0.0.2
Device Extension: VK_EXT_calibrated_timestamps (libGLX_nvidia.so.0) version 0.0.1
Device Extension: VK_EXT_conditional_rendering (libGLX_nvidia.so.0) version 0.0.1
Device Extension: VK_EXT_conservative_rasterization (libGLX_nvidia.so.0) version 0.0.1
Device Extension: VK_EXT_depth_clip_enable (libGLX_nvidia.so.0) version 0.0.1
Device Extension: VK_EXT_depth_range_unrestricted (libGLX_nvidia.so.0) version 0.0.1
Device Extension: VK_EXT_descriptor_indexing (libGLX_nvidia.so.0) version 0.0.2
Device Extension: VK_EXT_discard_rectangles (libGLX_nvidia.so.0) version 0.0.1
Device Extension: VK_EXT_display_control (libGLX_nvidia.so.0) version 0.0.1